{"/Users/jordanthomas/launch-school/js-130-DONT-REPO/toDoList/todo.js": {"path":"/Users/jordanthomas/launch-school/js-130-DONT-REPO/toDoList/todo.js","statementMap":{"0":{"start":{"line":3,"column":4},"end":{"line":3,"column":23}},"1":{"start":{"line":4,"column":4},"end":{"line":4,"column":22}},"2":{"start":{"line":8,"column":17},"end":{"line":8,"column":70}},"3":{"start":{"line":9,"column":4},"end":{"line":9,"column":39}},"4":{"start":{"line":13,"column":4},"end":{"line":13,"column":21}},"5":{"start":{"line":17,"column":4},"end":{"line":17,"column":22}},"6":{"start":{"line":21,"column":4},"end":{"line":21,"column":21}},"7":{"start":{"line":25,"column":4},"end":{"line":25,"column":22}},"8":{"start":{"line":29,"column":0},"end":{"line":29,"column":23}},"9":{"start":{"line":30,"column":0},"end":{"line":30,"column":25}},"10":{"start":{"line":32,"column":0},"end":{"line":32,"column":22}}},"fnMap":{"0":{"name":"(anonymous_0)","decl":{"start":{"line":2,"column":2},"end":{"line":2,"column":3}},"loc":{"start":{"line":2,"column":21},"end":{"line":5,"column":3}},"line":2},"1":{"name":"(anonymous_1)","decl":{"start":{"line":7,"column":2},"end":{"line":7,"column":3}},"loc":{"start":{"line":7,"column":13},"end":{"line":10,"column":3}},"line":7},"2":{"name":"(anonymous_2)","decl":{"start":{"line":12,"column":2},"end":{"line":12,"column":3}},"loc":{"start":{"line":12,"column":13},"end":{"line":14,"column":3}},"line":12},"3":{"name":"(anonymous_3)","decl":{"start":{"line":16,"column":2},"end":{"line":16,"column":3}},"loc":{"start":{"line":16,"column":15},"end":{"line":18,"column":3}},"line":16},"4":{"name":"(anonymous_4)","decl":{"start":{"line":20,"column":2},"end":{"line":20,"column":3}},"loc":{"start":{"line":20,"column":11},"end":{"line":22,"column":3}},"line":20},"5":{"name":"(anonymous_5)","decl":{"start":{"line":24,"column":2},"end":{"line":24,"column":3}},"loc":{"start":{"line":24,"column":13},"end":{"line":26,"column":3}},"line":24}},"branchMap":{"0":{"loc":{"start":{"line":8,"column":17},"end":{"line":8,"column":70}},"type":"cond-expr","locations":[{"start":{"line":8,"column":33},"end":{"line":8,"column":49}},{"start":{"line":8,"column":52},"end":{"line":8,"column":70}}],"line":8}},"s":{"0":24,"1":24,"2":0,"3":0,"4":1,"5":0,"6":0,"7":0,"8":1,"9":1,"10":1},"f":{"0":24,"1":0,"2":1,"3":0,"4":0,"5":0},"b":{"0":[0,0]},"_coverageSchema":"1a1c01bbd47fc00a2c39e90264f33305004495a9","hash":"08a13d00decb65e914ddda6f6db6529eda0bfdfb"}
,"/Users/jordanthomas/launch-school/js-130-DONT-REPO/toDoList/todolist.js": {"path":"/Users/jordanthomas/launch-school/js-130-DONT-REPO/toDoList/todolist.js","statementMap":{"0":{"start":{"line":1,"column":13},"end":{"line":1,"column":33}},"1":{"start":{"line":4,"column":4},"end":{"line":4,"column":23}},"2":{"start":{"line":5,"column":4},"end":{"line":5,"column":20}},"3":{"start":{"line":9,"column":4},"end":{"line":11,"column":5}},"4":{"start":{"line":10,"column":6},"end":{"line":10,"column":54}},"5":{"start":{"line":13,"column":4},"end":{"line":13,"column":26}},"6":{"start":{"line":17,"column":4},"end":{"line":17,"column":29}},"7":{"start":{"line":21,"column":4},"end":{"line":21,"column":25}},"8":{"start":{"line":25,"column":4},"end":{"line":25,"column":39}},"9":{"start":{"line":29,"column":4},"end":{"line":29,"column":29}},"10":{"start":{"line":30,"column":4},"end":{"line":30,"column":27}},"11":{"start":{"line":34,"column":4},"end":{"line":36,"column":5}},"12":{"start":{"line":35,"column":6},"end":{"line":35,"column":56}},"13":{"start":{"line":40,"column":4},"end":{"line":40,"column":32}},"14":{"start":{"line":44,"column":4},"end":{"line":44,"column":34}},"15":{"start":{"line":48,"column":4},"end":{"line":48,"column":51}},"16":{"start":{"line":48,"column":36},"end":{"line":48,"column":49}},"17":{"start":{"line":52,"column":4},"end":{"line":52,"column":30}},"18":{"start":{"line":56,"column":4},"end":{"line":56,"column":28}},"19":{"start":{"line":60,"column":4},"end":{"line":60,"column":31}},"20":{"start":{"line":61,"column":4},"end":{"line":61,"column":39}},"21":{"start":{"line":65,"column":4},"end":{"line":65,"column":64}},"22":{"start":{"line":69,"column":4},"end":{"line":69,"column":68}},"23":{"start":{"line":69,"column":37},"end":{"line":69,"column":55}},"24":{"start":{"line":73,"column":4},"end":{"line":73,"column":33}},"25":{"start":{"line":77,"column":20},"end":{"line":77,"column":44}},"26":{"start":{"line":78,"column":4},"end":{"line":82,"column":6}},"27":{"start":{"line":79,"column":6},"end":{"line":81,"column":7}},"28":{"start":{"line":80,"column":8},"end":{"line":80,"column":28}},"29":{"start":{"line":83,"column":4},"end":{"line":83,"column":21}},"30":{"start":{"line":87,"column":4},"end":{"line":87,"column":66}},"31":{"start":{"line":87,"column":31},"end":{"line":87,"column":56}},"32":{"start":{"line":91,"column":4},"end":{"line":91,"column":39}},"33":{"start":{"line":91,"column":24},"end":{"line":91,"column":37}},"34":{"start":{"line":95,"column":4},"end":{"line":95,"column":40}},"35":{"start":{"line":95,"column":24},"end":{"line":95,"column":38}},"36":{"start":{"line":99,"column":15},"end":{"line":99,"column":38}},"37":{"start":{"line":100,"column":4},"end":{"line":102,"column":5}},"38":{"start":{"line":101,"column":6},"end":{"line":101,"column":17}},"39":{"start":{"line":106,"column":4},"end":{"line":106,"column":42}},"40":{"start":{"line":106,"column":25},"end":{"line":106,"column":40}},"41":{"start":{"line":110,"column":4},"end":{"line":110,"column":44}},"42":{"start":{"line":110,"column":25},"end":{"line":110,"column":42}},"43":{"start":{"line":114,"column":4},"end":{"line":114,"column":30}},"44":{"start":{"line":118,"column":0},"end":{"line":118,"column":26}}},"fnMap":{"0":{"name":"(anonymous_0)","decl":{"start":{"line":3,"column":2},"end":{"line":3,"column":3}},"loc":{"start":{"line":3,"column":21},"end":{"line":6,"column":3}},"line":3},"1":{"name":"(anonymous_1)","decl":{"start":{"line":8,"column":2},"end":{"line":8,"column":3}},"loc":{"start":{"line":8,"column":12},"end":{"line":14,"column":3}},"line":8},"2":{"name":"(anonymous_2)","decl":{"start":{"line":16,"column":2},"end":{"line":16,"column":3}},"loc":{"start":{"line":16,"column":9},"end":{"line":18,"column":3}},"line":16},"3":{"name":"(anonymous_3)","decl":{"start":{"line":20,"column":2},"end":{"line":20,"column":3}},"loc":{"start":{"line":20,"column":10},"end":{"line":22,"column":3}},"line":20},"4":{"name":"(anonymous_4)","decl":{"start":{"line":24,"column":2},"end":{"line":24,"column":3}},"loc":{"start":{"line":24,"column":9},"end":{"line":26,"column":3}},"line":24},"5":{"name":"(anonymous_5)","decl":{"start":{"line":28,"column":2},"end":{"line":28,"column":3}},"loc":{"start":{"line":28,"column":14},"end":{"line":31,"column":3}},"line":28},"6":{"name":"(anonymous_6)","decl":{"start":{"line":33,"column":2},"end":{"line":33,"column":3}},"loc":{"start":{"line":33,"column":22},"end":{"line":37,"column":3}},"line":33},"7":{"name":"(anonymous_7)","decl":{"start":{"line":39,"column":2},"end":{"line":39,"column":3}},"loc":{"start":{"line":39,"column":18},"end":{"line":41,"column":3}},"line":39},"8":{"name":"(anonymous_8)","decl":{"start":{"line":43,"column":2},"end":{"line":43,"column":3}},"loc":{"start":{"line":43,"column":18},"end":{"line":45,"column":3}},"line":43},"9":{"name":"(anonymous_9)","decl":{"start":{"line":47,"column":2},"end":{"line":47,"column":3}},"loc":{"start":{"line":47,"column":11},"end":{"line":49,"column":3}},"line":47},"10":{"name":"(anonymous_10)","decl":{"start":{"line":48,"column":28},"end":{"line":48,"column":29}},"loc":{"start":{"line":48,"column":36},"end":{"line":48,"column":49}},"line":48},"11":{"name":"(anonymous_11)","decl":{"start":{"line":51,"column":2},"end":{"line":51,"column":3}},"loc":{"start":{"line":51,"column":10},"end":{"line":53,"column":3}},"line":51},"12":{"name":"(anonymous_12)","decl":{"start":{"line":55,"column":2},"end":{"line":55,"column":3}},"loc":{"start":{"line":55,"column":8},"end":{"line":57,"column":3}},"line":55},"13":{"name":"(anonymous_13)","decl":{"start":{"line":59,"column":2},"end":{"line":59,"column":3}},"loc":{"start":{"line":59,"column":18},"end":{"line":62,"column":3}},"line":59},"14":{"name":"(anonymous_14)","decl":{"start":{"line":64,"column":2},"end":{"line":64,"column":3}},"loc":{"start":{"line":64,"column":13},"end":{"line":66,"column":3}},"line":64},"15":{"name":"(anonymous_15)","decl":{"start":{"line":68,"column":2},"end":{"line":68,"column":3}},"loc":{"start":{"line":68,"column":20},"end":{"line":70,"column":3}},"line":68},"16":{"name":"(anonymous_16)","decl":{"start":{"line":69,"column":26},"end":{"line":69,"column":27}},"loc":{"start":{"line":69,"column":37},"end":{"line":69,"column":55}},"line":69},"17":{"name":"(anonymous_17)","decl":{"start":{"line":72,"column":2},"end":{"line":72,"column":3}},"loc":{"start":{"line":72,"column":20},"end":{"line":74,"column":3}},"line":72},"18":{"name":"(anonymous_18)","decl":{"start":{"line":76,"column":2},"end":{"line":76,"column":3}},"loc":{"start":{"line":76,"column":19},"end":{"line":84,"column":3}},"line":76},"19":{"name":"(anonymous_19)","decl":{"start":{"line":78,"column":17},"end":{"line":78,"column":18}},"loc":{"start":{"line":78,"column":25},"end":{"line":82,"column":5}},"line":78},"20":{"name":"(anonymous_20)","decl":{"start":{"line":86,"column":2},"end":{"line":86,"column":3}},"loc":{"start":{"line":86,"column":21},"end":{"line":88,"column":3}},"line":86},"21":{"name":"(anonymous_21)","decl":{"start":{"line":87,"column":23},"end":{"line":87,"column":24}},"loc":{"start":{"line":87,"column":31},"end":{"line":87,"column":56}},"line":87},"22":{"name":"(anonymous_22)","decl":{"start":{"line":90,"column":2},"end":{"line":90,"column":3}},"loc":{"start":{"line":90,"column":12},"end":{"line":92,"column":3}},"line":90},"23":{"name":"(anonymous_23)","decl":{"start":{"line":91,"column":16},"end":{"line":91,"column":17}},"loc":{"start":{"line":91,"column":24},"end":{"line":91,"column":37}},"line":91},"24":{"name":"(anonymous_24)","decl":{"start":{"line":94,"column":2},"end":{"line":94,"column":3}},"loc":{"start":{"line":94,"column":15},"end":{"line":96,"column":3}},"line":94},"25":{"name":"(anonymous_25)","decl":{"start":{"line":95,"column":16},"end":{"line":95,"column":17}},"loc":{"start":{"line":95,"column":24},"end":{"line":95,"column":38}},"line":95},"26":{"name":"(anonymous_26)","decl":{"start":{"line":98,"column":2},"end":{"line":98,"column":3}},"loc":{"start":{"line":98,"column":18},"end":{"line":103,"column":3}},"line":98},"27":{"name":"(anonymous_27)","decl":{"start":{"line":105,"column":2},"end":{"line":105,"column":3}},"loc":{"start":{"line":105,"column":16},"end":{"line":107,"column":3}},"line":105},"28":{"name":"(anonymous_28)","decl":{"start":{"line":106,"column":17},"end":{"line":106,"column":18}},"loc":{"start":{"line":106,"column":25},"end":{"line":106,"column":40}},"line":106},"29":{"name":"(anonymous_29)","decl":{"start":{"line":109,"column":2},"end":{"line":109,"column":3}},"loc":{"start":{"line":109,"column":18},"end":{"line":111,"column":3}},"line":109},"30":{"name":"(anonymous_30)","decl":{"start":{"line":110,"column":17},"end":{"line":110,"column":18}},"loc":{"start":{"line":110,"column":25},"end":{"line":110,"column":42}},"line":110},"31":{"name":"(anonymous_31)","decl":{"start":{"line":113,"column":2},"end":{"line":113,"column":3}},"loc":{"start":{"line":113,"column":12},"end":{"line":115,"column":3}},"line":113}},"branchMap":{"0":{"loc":{"start":{"line":9,"column":4},"end":{"line":11,"column":5}},"type":"if","locations":[{"start":{"line":9,"column":4},"end":{"line":11,"column":5}},{"start":{"line":9,"column":4},"end":{"line":11,"column":5}}],"line":9},"1":{"loc":{"start":{"line":34,"column":4},"end":{"line":36,"column":5}},"type":"if","locations":[{"start":{"line":34,"column":4},"end":{"line":36,"column":5}},{"start":{"line":34,"column":4},"end":{"line":36,"column":5}}],"line":34},"2":{"loc":{"start":{"line":79,"column":6},"end":{"line":81,"column":7}},"type":"if","locations":[{"start":{"line":79,"column":6},"end":{"line":81,"column":7}},{"start":{"line":79,"column":6},"end":{"line":81,"column":7}}],"line":79},"3":{"loc":{"start":{"line":100,"column":4},"end":{"line":102,"column":5}},"type":"if","locations":[{"start":{"line":100,"column":4},"end":{"line":102,"column":5}},{"start":{"line":100,"column":4},"end":{"line":102,"column":5}}],"line":100}},"s":{"0":1,"1":9,"2":9,"3":25,"4":0,"5":25,"6":1,"7":1,"8":0,"9":4,"10":2,"11":6,"12":3,"13":2,"14":0,"15":0,"16":0,"17":0,"18":0,"19":2,"20":1,"21":0,"22":0,"23":0,"24":2,"25":1,"26":1,"27":3,"28":1,"29":1,"30":0,"31":0,"32":0,"33":0,"34":0,"35":0,"36":0,"37":0,"38":0,"39":0,"40":0,"41":0,"42":0,"43":2,"44":1},"f":{"0":9,"1":25,"2":1,"3":1,"4":0,"5":4,"6":6,"7":2,"8":0,"9":0,"10":0,"11":0,"12":0,"13":2,"14":0,"15":0,"16":0,"17":2,"18":1,"19":3,"20":0,"21":0,"22":0,"23":0,"24":0,"25":0,"26":0,"27":0,"28":0,"29":0,"30":0,"31":2},"b":{"0":[0,25],"1":[3,3],"2":[1,2],"3":[0,0]},"_coverageSchema":"1a1c01bbd47fc00a2c39e90264f33305004495a9","hash":"c8367945c9e894ab9edaf4d9da7a0e6f84f360f5"}
}
