TN:
SF:todo.js
FN:2,(anonymous_0)
FN:7,(anonymous_1)
FN:12,(anonymous_2)
FN:16,(anonymous_3)
FN:20,(anonymous_4)
FN:24,(anonymous_5)
FNF:6
FNH:2
FNDA:24,(anonymous_0)
FNDA:0,(anonymous_1)
FNDA:1,(anonymous_2)
FNDA:0,(anonymous_3)
FNDA:0,(anonymous_4)
FNDA:0,(anonymous_5)
DA:3,24
DA:4,24
DA:8,0
DA:9,0
DA:13,1
DA:17,0
DA:21,0
DA:25,0
DA:29,1
DA:30,1
DA:32,1
LF:11
LH:6
BRDA:8,0,0,0
BRDA:8,0,1,0
BRF:2
BRH:0
end_of_record
TN:
SF:todolist.js
FN:3,(anonymous_0)
FN:8,(anonymous_1)
FN:16,(anonymous_2)
FN:20,(anonymous_3)
FN:24,(anonymous_4)
FN:28,(anonymous_5)
FN:33,(anonymous_6)
FN:39,(anonymous_7)
FN:43,(anonymous_8)
FN:47,(anonymous_9)
FN:48,(anonymous_10)
FN:51,(anonymous_11)
FN:55,(anonymous_12)
FN:59,(anonymous_13)
FN:64,(anonymous_14)
FN:68,(anonymous_15)
FN:69,(anonymous_16)
FN:72,(anonymous_17)
FN:76,(anonymous_18)
FN:78,(anonymous_19)
FN:86,(anonymous_20)
FN:87,(anonymous_21)
FN:90,(anonymous_22)
FN:91,(anonymous_23)
FN:94,(anonymous_24)
FN:95,(anonymous_25)
FN:98,(anonymous_26)
FN:105,(anonymous_27)
FN:106,(anonymous_28)
FN:109,(anonymous_29)
FN:110,(anonymous_30)
FN:113,(anonymous_31)
FNF:32
FNH:12
FNDA:9,(anonymous_0)
FNDA:25,(anonymous_1)
FNDA:1,(anonymous_2)
FNDA:1,(anonymous_3)
FNDA:0,(anonymous_4)
FNDA:4,(anonymous_5)
FNDA:6,(anonymous_6)
FNDA:2,(anonymous_7)
FNDA:0,(anonymous_8)
FNDA:0,(anonymous_9)
FNDA:0,(anonymous_10)
FNDA:0,(anonymous_11)
FNDA:0,(anonymous_12)
FNDA:2,(anonymous_13)
FNDA:0,(anonymous_14)
FNDA:0,(anonymous_15)
FNDA:0,(anonymous_16)
FNDA:2,(anonymous_17)
FNDA:1,(anonymous_18)
FNDA:3,(anonymous_19)
FNDA:0,(anonymous_20)
FNDA:0,(anonymous_21)
FNDA:0,(anonymous_22)
FNDA:0,(anonymous_23)
FNDA:0,(anonymous_24)
FNDA:0,(anonymous_25)
FNDA:0,(anonymous_26)
FNDA:0,(anonymous_27)
FNDA:0,(anonymous_28)
FNDA:0,(anonymous_29)
FNDA:0,(anonymous_30)
FNDA:2,(anonymous_31)
DA:1,1
DA:4,9
DA:5,9
DA:9,25
DA:10,0
DA:13,25
DA:17,1
DA:21,1
DA:25,0
DA:29,4
DA:30,2
DA:34,6
DA:35,3
DA:40,2
DA:44,0
DA:48,0
DA:52,0
DA:56,0
DA:60,2
DA:61,1
DA:65,0
DA:69,0
DA:73,2
DA:77,1
DA:78,1
DA:79,3
DA:80,1
DA:83,1
DA:87,0
DA:91,0
DA:95,0
DA:99,0
DA:100,0
DA:101,0
DA:106,0
DA:110,0
DA:114,2
DA:118,1
LF:38
LH:22
BRDA:9,0,0,0
BRDA:9,0,1,25
BRDA:34,1,0,3
BRDA:34,1,1,3
BRDA:79,2,0,1
BRDA:79,2,1,2
BRDA:100,3,0,0
BRDA:100,3,1,0
BRF:8
BRH:5
end_of_record
